<?xml version="1.0" encoding="UTF-8"?>
<!-- Generated by org.testng.reporters.JUnitXMLReporter -->
<testsuite hostname="Clayton" ignored="0" name="Test Login" tests="6" failures="0" timestamp="20 Feb 2018 21:55:07 GMT" time="1.224" errors="0">
  <testcase name="feature" time="0.035" classname="cucumber.api.testng.AbstractTestNGCucumberTests"/>
  <testcase name="feature" time="0.009" classname="cucumber.api.testng.AbstractTestNGCucumberTests"/>
  <testcase name="feature" time="0.008" classname="cucumber.api.testng.AbstractTestNGCucumberTests"/>
  <testcase name="feature" time="0.006" classname="cucumber.api.testng.AbstractTestNGCucumberTests"/>
  <testcase name="feature" time="0.002" classname="cucumber.api.testng.AbstractTestNGCucumberTests"/>
  <testcase name="IndexPage" time="0.105" classname="com.revature.test.admin.testclasses.LoginTest"/>
</testsuite> <!-- Test Login -->
