<?xml version="1.0" encoding="UTF-8"?>
<!-- Generated by org.testng.reporters.JUnitXMLReporter -->
<testsuite hostname="Clayton" ignored="0" name="Test Client List Tab" tests="7" failures="4" timestamp="21 Feb 2018 14:52:01 GMT" time="40.389" errors="0">
  <testcase name="NavigateToCreateUserTab" time="7.729" classname="com.revature.test.admin.testclasses.ClientListTest"/>
  <testcase name="SearchAndViewClientData" time="11.205" classname="com.revature.test.admin.testclasses.ClientListTest">
    <failure type="java.lang.AssertionError" message="Error: Failed to search client by name and view their data">
      <![CDATA[java.lang.AssertionError: Error: Failed to search client by name and view their dataat com.revature.test.admin.testclasses.ClientListTest.SearchAndViewClientData(ClientListTest.java:56)... Removed 26 stack frames]]>
    </failure>
  </testcase> <!-- SearchAndViewClientData -->
  <testcase name="ViewAllClientData" time="0.87" classname="com.revature.test.admin.testclasses.ClientListTest"/>
  <testcase name="ClickAndViewClientData" time="2.466" classname="com.revature.test.admin.testclasses.ClientListTest">
    <failure type="java.lang.AssertionError" message="Error: Failed to select client from list and view their data">
      <![CDATA[java.lang.AssertionError: Error: Failed to select client from list and view their dataat com.revature.test.admin.testclasses.ClientListTest.ClickAndViewClientData(ClientListTest.java:81)... Removed 26 stack frames]]>
    </failure>
  </testcase> <!-- ClickAndViewClientData -->
  <testcase name="SearchButSearchAnotherAndViewClientData" time="9.41" classname="com.revature.test.admin.testclasses.ClientListTest">
    <failure type="java.lang.AssertionError" message="Error: Failed to search client by name but then search another client name and view their data">
      <![CDATA[java.lang.AssertionError: Error: Failed to search client by name but then search another client name and view their dataat com.revature.test.admin.testclasses.ClientListTest.SearchButSearchAnotherAndViewClientData(ClientListTest.java:98)... Removed 26 stack frames]]>
    </failure>
  </testcase> <!-- SearchButSearchAnotherAndViewClientData -->
  <testcase name="SearchButClickViewAllClientData" time="3.592" classname="com.revature.test.admin.testclasses.ClientListTest"/>
  <testcase name="SearchButClickClientAndViewClientData" time="5.089" classname="com.revature.test.admin.testclasses.ClientListTest">
    <failure type="java.lang.AssertionError" message="Error: Failed to search client by name but then select client from list and view their data">
      <![CDATA[java.lang.AssertionError: Error: Failed to search client by name but then select client from list and view their dataat com.revature.test.admin.testclasses.ClientListTest.SearchButClickClientAndViewClientData(ClientListTest.java:127)... Removed 26 stack frames]]>
    </failure>
  </testcase> <!-- SearchButClickClientAndViewClientData -->
</testsuite> <!-- Test Client List Tab -->
