<?xml version="1.0" encoding="UTF-8"?>
<!-- Generated by org.testng.reporters.JUnitXMLReporter -->
<testsuite hostname="Clayton" ignored="19" name="Test Associate List Tab" tests="2" failures="0" timestamp="21 Feb 2018 14:52:59 GMT" time="12.565" errors="0">
  <testcase name="NavigateToAssociateListTab" time="2.231" classname="com.revature.test.admin.testclasses.AssociateListTest"/>
  <testcase name="EditAssociateInformation" time="10.328" classname="com.revature.test.admin.testclasses.AssociateListTest"/>
  <testcase name="sortByFirstNameInDescendingOrder" time="0.0" classname="com.revature.test.admin.testclasses.AssociateListTest">
    <ignored/>
  </testcase> <!-- sortByFirstNameInDescendingOrder -->
  <testcase name="filterByMarketingStatusSearch" time="0.0" classname="com.revature.test.admin.testclasses.AssociateListTest">
    <ignored/>
  </testcase> <!-- filterByMarketingStatusSearch -->
  <testcase name="sortByLastNameInDescendingOrder" time="0.0" classname="com.revature.test.admin.testclasses.AssociateListTest">
    <ignored/>
  </testcase> <!-- sortByLastNameInDescendingOrder -->
  <testcase name="filterByClientNameSearch" time="0.0" classname="com.revature.test.admin.testclasses.AssociateListTest">
    <ignored/>
  </testcase> <!-- filterByClientNameSearch -->
  <testcase name="sortByBatchNameInAscendingOrder" time="0.0" classname="com.revature.test.admin.testclasses.AssociateListTest">
    <ignored/>
  </testcase> <!-- sortByBatchNameInAscendingOrder -->
  <testcase name="sortByLastNameInAscendingOrder" time="0.0" classname="com.revature.test.admin.testclasses.AssociateListTest">
    <ignored/>
  </testcase> <!-- sortByLastNameInAscendingOrder -->
  <testcase name="filterByFirstNameSearch" time="0.0" classname="com.revature.test.admin.testclasses.AssociateListTest">
    <ignored/>
  </testcase> <!-- filterByFirstNameSearch -->
  <testcase name="sortByBatchNameInDescendingOrder" time="0.0" classname="com.revature.test.admin.testclasses.AssociateListTest">
    <ignored/>
  </testcase> <!-- sortByBatchNameInDescendingOrder -->
  <testcase name="sortByMarketinStatusInAscendingOrder" time="0.0" classname="com.revature.test.admin.testclasses.AssociateListTest">
    <ignored/>
  </testcase> <!-- sortByMarketinStatusInAscendingOrder -->
  <testcase name="filterByCurriculumDropDown" time="0.0" classname="com.revature.test.admin.testclasses.AssociateListTest">
    <ignored/>
  </testcase> <!-- filterByCurriculumDropDown -->
  <testcase name="sortByCientNameInDescendingOrder" time="0.0" classname="com.revature.test.admin.testclasses.AssociateListTest">
    <ignored/>
  </testcase> <!-- sortByCientNameInDescendingOrder -->
  <testcase name="sortByFirstNameInAscendingOrder" time="0.0" classname="com.revature.test.admin.testclasses.AssociateListTest">
    <ignored/>
  </testcase> <!-- sortByFirstNameInAscendingOrder -->
  <testcase name="filterByLastNameSearch" time="0.0" classname="com.revature.test.admin.testclasses.AssociateListTest">
    <ignored/>
  </testcase> <!-- filterByLastNameSearch -->
  <testcase name="sortByAssociateIdInDescendingOrder" time="0.0" classname="com.revature.test.admin.testclasses.AssociateListTest">
    <ignored/>
  </testcase> <!-- sortByAssociateIdInDescendingOrder -->
  <testcase name="filterByBatchNameSearch" time="0.0" classname="com.revature.test.admin.testclasses.AssociateListTest">
    <ignored/>
  </testcase> <!-- filterByBatchNameSearch -->
  <testcase name="sortByCientNameInAscendingOrder" time="0.0" classname="com.revature.test.admin.testclasses.AssociateListTest">
    <ignored/>
  </testcase> <!-- sortByCientNameInAscendingOrder -->
  <testcase name="sortByMarketinStatusInDescendingOrder" time="0.0" classname="com.revature.test.admin.testclasses.AssociateListTest">
    <ignored/>
  </testcase> <!-- sortByMarketinStatusInDescendingOrder -->
  <testcase name="sortByAssociateIdInAscendingOrder" time="0.0" classname="com.revature.test.admin.testclasses.AssociateListTest">
    <ignored/>
  </testcase> <!-- sortByAssociateIdInAscendingOrder -->
  <testcase name="filterByAssociateIdSearch" time="0.0" classname="com.revature.test.admin.testclasses.AssociateListTest">
    <ignored/>
  </testcase> <!-- filterByAssociateIdSearch -->
</testsuite> <!-- Test Associate List Tab -->
