<?xml version="1.0" encoding="UTF-8"?>
<!-- Generated by org.testng.reporters.JUnitXMLReporter -->
<testsuite hostname="Clayton" ignored="0" name="Test Batch List Tab" tests="12" failures="3" timestamp="21 Feb 2018 14:52:46 GMT" time="44.918" errors="0">
  <testcase name="NavigateToBatchListTab" time="3.238" classname="com.revature.test.admin.testclasses.BatchListTest"/>
  <testcase name="FindAllBatchesTag" time="1.063" classname="com.revature.test.admin.testclasses.BatchListTest"/>
  <testcase name="BatchNameTest" time="30.562" classname="com.revature.test.admin.testclasses.BatchListTest">
    <failure type="java.lang.AssertionError" message="Error: Batch Name Test Failed">
      <![CDATA[java.lang.AssertionError: Error: Batch Name Test Failedat com.revature.test.admin.testclasses.BatchListTest.BatchNameTest(BatchListTest.java:58)... Removed 26 stack frames]]>
    </failure>
  </testcase> <!-- BatchNameTest -->
  <testcase name="InputFromDateFields" time="0.371" classname="com.revature.test.admin.testclasses.BatchListTest">
    <failure type="java.lang.AssertionError" message="Error: Could not input a valid date into &amp;apos;from&amp;apos; date field">
      <![CDATA[java.lang.AssertionError: Error: Could not input a valid date into 'from' date fieldat com.revature.test.admin.testclasses.BatchListTest.InputFromDateFields(BatchListTest.java:69)... Removed 26 stack frames]]>
    </failure>
  </testcase> <!-- InputFromDateFields -->
  <testcase name="InputToDateFields" time="0.364" classname="com.revature.test.admin.testclasses.BatchListTest">
    <failure type="java.lang.AssertionError" message="Error: Could not input a valid date into &amp;apos;to&amp;apos; date field">
      <![CDATA[java.lang.AssertionError: Error: Could not input a valid date into 'to' date fieldat com.revature.test.admin.testclasses.BatchListTest.InputToDateFields(BatchListTest.java:79)... Removed 26 stack frames]]>
    </failure>
  </testcase> <!-- InputToDateFields -->
  <testcase name="ClickFromField" time="0.705" classname="com.revature.test.admin.testclasses.BatchListTest"/>
  <testcase name="ClickToField" time="1.548" classname="com.revature.test.admin.testclasses.BatchListTest"/>
  <testcase name="ClickSubmit" time="0.145" classname="com.revature.test.admin.testclasses.BatchListTest"/>
  <testcase name="areResultsCorrect" time="0.161" classname="com.revature.test.admin.testclasses.BatchListTest"/>
  <testcase name="ClickReset" time="0.184" classname="com.revature.test.admin.testclasses.BatchListTest"/>
  <testcase name="allBatchesShowing" time="1.115" classname="com.revature.test.admin.testclasses.BatchListTest"/>
  <testcase name="useCase1" time="5.422" classname="com.revature.test.admin.testclasses.BatchListTest"/>
</testsuite> <!-- Test Batch List Tab -->
