<?xml version="1.0" encoding="UTF-8"?>
<!-- Generated by org.testng.reporters.JUnitXMLReporter -->
<testsuite hostname="Clayton" ignored="4" name="Test Home Tab" tests="3" failures="0" timestamp="21 Feb 2018 14:51:21 GMT" time="4.734" errors="0">
  <testcase name="NavigateToHomeTab" time="2.294" classname="com.revature.test.admin.testclasses.HomeTest"/>
  <testcase name="clickEmail" time="1.186" classname="com.revature.test.admin.testclasses.HomeTest"/>
  <testcase name="clickWebSite" time="1.204" classname="com.revature.test.admin.testclasses.HomeTest"/>
  <testcase name="clickStatic" time="0.0" classname="com.revature.test.admin.testclasses.HomeTest">
    <ignored/>
  </testcase> <!-- clickStatic -->
  <testcase name="clickEmpty" time="0.0" classname="com.revature.test.admin.testclasses.HomeTest">
    <ignored/>
  </testcase> <!-- clickEmpty -->
  <testcase name="clickPopulate" time="0.0" classname="com.revature.test.admin.testclasses.HomeTest">
    <ignored/>
  </testcase> <!-- clickPopulate -->
  <testcase name="clickPhone" time="0.0" classname="com.revature.test.admin.testclasses.HomeTest">
    <ignored/>
  </testcase> <!-- clickPhone -->
</testsuite> <!-- Test Home Tab -->
